<?xml version="1.0" encoding="UTF-8"?>
<!-- Generated by org.testng.reporters.JUnitXMLReporter -->
<testsuite ignored="0" hostname="LIN80015404" failures="0" tests="4" name="Default test" time="105.632" errors="0" timestamp="12 Oct 2017 12:16:28 GMT">
  <testcase classname="TestLab.NewTest" name="testset1" time="46.983"/>
  <testcase classname="TestLab.NewTest" name="testset1" time="15.827"/>
  <testcase classname="TestLab.NewTest" name="testset2" time="26.669"/>
  <testcase classname="TestLab.NewTest" name="testset2" time="15.938"/>
</testsuite> <!-- Default test -->
