<?xml version="1.0" encoding="UTF-8"?>
<!-- Generated by org.testng.reporters.JUnitXMLReporter -->
<testsuite hostname="LIN80015404" failures="0" tests="4" name="Test" time="97.29" errors="0" timestamp="17 Oct 2017 12:00:07 GMT">
  <testcase classname="TestLab.NewTest" name="testset1" time="31.215"/>
  <testcase classname="TestLab.NewTest" name="testset1" time="24.474"/>
  <testcase classname="TestLab.NewTest" name="testset2" time="24.169"/>
  <testcase classname="TestLab.NewTest" name="testset2" time="17.24"/>
</testsuite> <!-- Test -->
