<?xml version="1.0" encoding="UTF-8"?>
<testng-results ignored="0" total="4" passed="4" failed="0" skipped="0">
  <reporter-output>
  </reporter-output>
  <suite started-at="2017-10-20T10:52:00Z" name="Default suite" finished-at="2017-10-20T10:53:01Z" duration-ms="60866">
    <groups>
    </groups>
    <test started-at="2017-10-20T10:52:00Z" name="Default test" finished-at="2017-10-20T10:53:01Z" duration-ms="60866">
      <class name="TestLab.NewTest">
        <test-method signature="testset1(java.lang.String, java.lang.String)[pri:1, instance:TestLab.NewTest@33c911a1]" started-at="2017-10-20T16:22:00Z" name="testset1" data-provider="dp" finished-at="2017-10-20T16:22:16Z" duration-ms="15547" status="PASS">
          <params>
            <param index="0">
              <value>
                <![CDATA[20]]>
              </value>
            </param>
            <param index="1">
              <value>
                <![CDATA[30]]>
              </value>
            </param>
          </params>
          <reporter-output>
          </reporter-output>
        </test-method> <!-- testset1 -->
        <test-method signature="testset1(java.lang.String, java.lang.String)[pri:1, instance:TestLab.NewTest@33c911a1]" started-at="2017-10-20T16:22:16Z" name="testset1" data-provider="dp" finished-at="2017-10-20T16:22:31Z" duration-ms="15022" status="PASS">
          <params>
            <param index="0">
              <value>
                <![CDATA[21]]>
              </value>
            </param>
            <param index="1">
              <value>
                <![CDATA[31]]>
              </value>
            </param>
          </params>
          <reporter-output>
          </reporter-output>
        </test-method> <!-- testset1 -->
        <test-method signature="testset2(java.lang.String, java.lang.String)[pri:1, instance:TestLab.NewTest@33c911a1]" started-at="2017-10-20T16:22:31Z" name="testset2" data-provider="dp" finished-at="2017-10-20T16:22:46Z" duration-ms="15024" status="PASS">
          <params>
            <param index="0">
              <value>
                <![CDATA[20]]>
              </value>
            </param>
            <param index="1">
              <value>
                <![CDATA[30]]>
              </value>
            </param>
          </params>
          <reporter-output>
          </reporter-output>
        </test-method> <!-- testset2 -->
        <test-method signature="testset2(java.lang.String, java.lang.String)[pri:1, instance:TestLab.NewTest@33c911a1]" started-at="2017-10-20T16:22:46Z" name="testset2" data-provider="dp" finished-at="2017-10-20T16:23:01Z" duration-ms="15070" status="PASS">
          <params>
            <param index="0">
              <value>
                <![CDATA[21]]>
              </value>
            </param>
            <param index="1">
              <value>
                <![CDATA[31]]>
              </value>
            </param>
          </params>
          <reporter-output>
          </reporter-output>
        </test-method> <!-- testset2 -->
      </class> <!-- TestLab.NewTest -->
    </test> <!-- Default test -->
  </suite> <!-- Default suite -->
</testng-results>
