<?xml version="1.0" encoding="UTF-8"?>
<testng-results ignored="0" total="4" passed="4" failed="0" skipped="0">
  <reporter-output>
  </reporter-output>
  <suite started-at="2017-10-21T06:08:22Z" name="Default suite" finished-at="2017-10-21T06:09:39Z" duration-ms="77573">
    <groups>
    </groups>
    <test started-at="2017-10-21T06:08:22Z" name="Default test" finished-at="2017-10-21T06:09:39Z" duration-ms="77573">
      <class name="TestLab.NewTest">
        <test-method signature="testset1(java.lang.String, java.lang.String)[pri:1, instance:TestLab.NewTest@33c911a1]" started-at="2017-10-21T11:38:22Z" name="testset1" data-provider="dp" finished-at="2017-10-21T11:38:43Z" duration-ms="21338" status="PASS">
          <params>
            <param index="0">
              <value>
                <![CDATA[20]]>
              </value>
            </param>
            <param index="1">
              <value>
                <![CDATA[30]]>
              </value>
            </param>
          </params>
          <reporter-output>
          </reporter-output>
        </test-method> <!-- testset1 -->
        <test-method signature="testset1(java.lang.String, java.lang.String)[pri:1, instance:TestLab.NewTest@33c911a1]" started-at="2017-10-21T11:38:43Z" name="testset1" data-provider="dp" finished-at="2017-10-21T11:39:02Z" duration-ms="19302" status="PASS">
          <params>
            <param index="0">
              <value>
                <![CDATA[21]]>
              </value>
            </param>
            <param index="1">
              <value>
                <![CDATA[31]]>
              </value>
            </param>
          </params>
          <reporter-output>
          </reporter-output>
        </test-method> <!-- testset1 -->
        <test-method signature="testset2(java.lang.String, java.lang.String)[pri:1, instance:TestLab.NewTest@33c911a1]" started-at="2017-10-21T11:39:02Z" name="testset2" data-provider="dp" finished-at="2017-10-21T11:39:21Z" duration-ms="18921" status="PASS">
          <params>
            <param index="0">
              <value>
                <![CDATA[20]]>
              </value>
            </param>
            <param index="1">
              <value>
                <![CDATA[30]]>
              </value>
            </param>
          </params>
          <reporter-output>
          </reporter-output>
        </test-method> <!-- testset2 -->
        <test-method signature="testset2(java.lang.String, java.lang.String)[pri:1, instance:TestLab.NewTest@33c911a1]" started-at="2017-10-21T11:39:21Z" name="testset2" data-provider="dp" finished-at="2017-10-21T11:39:39Z" duration-ms="17758" status="PASS">
          <params>
            <param index="0">
              <value>
                <![CDATA[21]]>
              </value>
            </param>
            <param index="1">
              <value>
                <![CDATA[31]]>
              </value>
            </param>
          </params>
          <reporter-output>
          </reporter-output>
        </test-method> <!-- testset2 -->
      </class> <!-- TestLab.NewTest -->
    </test> <!-- Default test -->
  </suite> <!-- Default suite -->
</testng-results>
