<?xml version="1.0" encoding="UTF-8"?>
<!-- Generated by org.testng.reporters.JUnitXMLReporter -->
<testsuite ignored="0" hostname="LIN80015404" failures="0" tests="4" name="Default test" time="77.573" errors="0" timestamp="21 Oct 2017 06:09:39 GMT">
  <testcase classname="TestLab.NewTest" name="testset1" time="21.338"/>
  <testcase classname="TestLab.NewTest" name="testset1" time="19.302"/>
  <testcase classname="TestLab.NewTest" name="testset2" time="18.921"/>
  <testcase classname="TestLab.NewTest" name="testset2" time="17.758"/>
</testsuite> <!-- Default test -->
