<?xml version="1.0" encoding="UTF-8"?>
<!-- Generated by org.testng.reporters.JUnitXMLReporter -->
<testsuite ignored="0" hostname="LIN80015404" failures="0" tests="4" name="Default test" time="60.866" errors="0" timestamp="20 Oct 2017 10:53:01 GMT">
  <testcase classname="TestLab.NewTest" name="testset1" time="15.547"/>
  <testcase classname="TestLab.NewTest" name="testset1" time="15.022"/>
  <testcase classname="TestLab.NewTest" name="testset2" time="15.024"/>
  <testcase classname="TestLab.NewTest" name="testset2" time="15.07"/>
</testsuite> <!-- Default test -->
